{"name": "test_loginFailMethod", "status": "failed", "statusDetails": {"message": "AssertionError", "trace": "self = <AppiumFrameWork.tests.LoginTest.LoginTest testMethod=test_loginFailMethod>\n\n    @pytest.mark.run(order=3)\n    def test_loginFailMethod(self):\n        cl.allureLogs(\"App Opened\")\n        self.gt.clickLoginBotton()\n        self.gt.enterEmail()\n        self.gt.enterPassword2()\n        self.gt.clickOnLoginB()\n>       self.gt.verifyAdminScreen()\n\nLoginTest.py:37: \n_ _ _ _ _ _ _ _ _ _ _ _ _ _ _ _ _ _ _ _ _ _ _ _ _ _ _ _ _ _ _ _ _ _ _ _ _ _ _ _ _ _ _ _ _ _ _ _ _ _ _ _ _ _ _ _ _ _ _ _ _ _ _ _ _ _ _ _ _ _ _ _ _ _ _ _ _ _ _ _ _ _ _ _ _ _ _ _ _ _ _ _ _ _ _ _ _ \n\nself = <AppiumFrameWork.pages.LoginPage.LoginPageTest object at 0x10719cd90>\n\n    def verifyAdminScreen(self):\n        adminScreen = self.isDisplayed(self._pageTitle,\"text\")\n>       assert adminScreen == True\nE       AssertionError\n\n../pages/LoginPage.py:44: AssertionError"}, "steps": [{"name": "App Opened", "status": "passed", "start": 1587821555982, "stop": 1587821555982}, {"name": "Click on Login Button", "status": "passed", "start": 1587821556659, "stop": 1587821556659}, {"name": "Entered email id", "status": "passed", "start": 1587821558046, "stop": 1587821558047}, {"name": "Entered Password", "status": "passed", "start": 1587821559304, "stop": 1587821559304}, {"name": "Clicked on Login Button in Login Screen", "status": "passed", "start": 1587821559951, "stop": 1587821559951}], "attachments": [{"name": "text", "source": "0156af20-b452-4af0-8322-46f5d217800d-attachment.png", "type": "image/png"}, {"name": "text", "source": "3ca7c002-bb3c-4469-adfa-6566aca67dba-attachment.png", "type": "image/png"}, {"name": "log", "source": "699240ca-3411-4293-856b-5eeddeea69a6-attachment.txt", "type": "text/plain"}, {"name": "stdout", "source": "92e807fc-0c17-4e96-a65e-cd249504d331-attachment.txt", "type": "text/plain"}], "start": 1587821555982, "stop": 1587821587317, "uuid": "3539e6fd-2615-460c-b8c7-fc8a8753a38f", "historyId": "aeb6c84858cb897d59574054d46d09e3", "testCaseId": "1512c76b4b2d60f059541c0f73c45353", "fullName": "TestSuite.LoginTest#test_loginFailMethod", "labels": [{"name": "suite", "value": "TestSuite"}, {"name": "subSuite", "value": "LoginTest"}, {"name": "host", "value": "sujiths-MacBook-Pro.local"}, {"name": "thread", "value": "6702-MainThread"}, {"name": "framework", "value": "pytest"}, {"name": "language", "value": "cpython3"}, {"name": "package", "value": "TestSuite"}]}